[2021-09-17 16:06:50.320] [exthost] [info] extension host started
[2021-09-17 16:06:50.552] [exthost] [info] ExtensionService#_doActivateExtension ms-vscode.cpptools {"startup":false,"extensionId":{"value":"ms-vscode.cpptools","_lower":"ms-vscode.cpptools"},"activationEvent":"onLanguage:c"}
[2021-09-17 16:06:50.552] [exthost] [info] ExtensionService#loadCommonJSModule file:///home/german/.vscode-server/extensions/ms-vscode.cpptools-1.6.0/dist/main
[2021-09-17 16:06:50.718] [exthost] [info] ExtensionService#_doActivateExtension vscode.debug-auto-launch {"startup":true,"extensionId":{"value":"vscode.debug-auto-launch","_lower":"vscode.debug-auto-launch"},"activationEvent":"*"}
[2021-09-17 16:06:50.718] [exthost] [info] ExtensionService#loadCommonJSModule file:///home/german/.vscode-server/bin/83bd43bc519d15e50c4272c6cf5c1479df196a4d/extensions/debug-auto-launch/dist/extension
[2021-09-17 16:06:50.727] [exthost] [info] ExtensionService#_doActivateExtension vscode.git {"startup":true,"extensionId":{"value":"vscode.github","_lower":"vscode.github"},"activationEvent":"*"}
[2021-09-17 16:06:50.727] [exthost] [info] ExtensionService#loadCommonJSModule file:///home/german/.vscode-server/bin/83bd43bc519d15e50c4272c6cf5c1479df196a4d/extensions/git/dist/main
[2021-09-17 16:06:51.282] [exthost] [info] ExtensionService#_doActivateExtension vscode.github {"startup":true,"extensionId":{"value":"vscode.github","_lower":"vscode.github"},"activationEvent":"*"}
[2021-09-17 16:06:51.282] [exthost] [info] ExtensionService#loadCommonJSModule file:///home/german/.vscode-server/bin/83bd43bc519d15e50c4272c6cf5c1479df196a4d/extensions/github/dist/extension.js
[2021-09-17 16:06:51.354] [exthost] [info] ExtensionService#_doActivateExtension vscode.emmet {"startup":false,"extensionId":{"value":"vscode.emmet","_lower":"vscode.emmet"},"activationEvent":"onStartupFinished"}
[2021-09-17 16:06:51.355] [exthost] [info] ExtensionService#loadCommonJSModule file:///home/german/.vscode-server/bin/83bd43bc519d15e50c4272c6cf5c1479df196a4d/extensions/emmet/dist/node/emmetNodeMain
[2021-09-17 16:06:51.385] [exthost] [info] ExtensionService#_doActivateExtension vscode.merge-conflict {"startup":false,"extensionId":{"value":"vscode.merge-conflict","_lower":"vscode.merge-conflict"},"activationEvent":"onStartupFinished"}
[2021-09-17 16:06:51.385] [exthost] [info] ExtensionService#loadCommonJSModule file:///home/german/.vscode-server/bin/83bd43bc519d15e50c4272c6cf5c1479df196a4d/extensions/merge-conflict/dist/mergeConflictMain
[2021-09-17 16:06:51.391] [exthost] [info] eager extensions activated
[2021-09-17 16:06:51.405] [exthost] [info] ExtensionService#_doActivateExtension ms-vscode.js-debug {"startup":false,"extensionId":{"value":"ms-vscode.js-debug","_lower":"ms-vscode.js-debug"},"activationEvent":"onCommand:extension.js-debug.clearAutoAttachVariables"}
[2021-09-17 16:06:51.405] [exthost] [info] ExtensionService#loadCommonJSModule file:///home/german/.vscode-server/bin/83bd43bc519d15e50c4272c6cf5c1479df196a4d/extensions/ms-vscode.js-debug/src/extension.js
[2021-09-17 16:06:54.803] [exthost] [info] extension host terminating: received terminate message from renderer
[2021-09-17 16:06:54.825] [exthost] [error] ProxyResolver#resolveProxy Canceled: Canceled
	at Object.n [as canceled] (/home/german/.vscode-server/bin/83bd43bc519d15e50c4272c6cf5c1479df196a4d/out/vs/server/remoteExtensionHostProcess.js:5:1157)
	at i._remoteCall (/home/german/.vscode-server/bin/83bd43bc519d15e50c4272c6cf5c1479df196a4d/out/vs/server/remoteExtensionHostProcess.js:98:13617)
	at Proxy.O.<computed>.G.charCodeAt.O.<computed> (/home/german/.vscode-server/bin/83bd43bc519d15e50c4272c6cf5c1479df196a4d/out/vs/server/remoteExtensionHostProcess.js:98:10012)
	at y.resolveProxy (/home/german/.vscode-server/bin/83bd43bc519d15e50c4272c6cf5c1479df196a4d/out/vs/server/remoteExtensionHostProcess.js:98:38938)
	at Object.resolveProxy (/home/german/.vscode-server/bin/83bd43bc519d15e50c4272c6cf5c1479df196a4d/out/vs/server/remoteExtensionHostProcess.js:103:57892)
	at useProxySettings (/home/german/.vscode-server/bin/83bd43bc519d15e50c4272c6cf5c1479df196a4d/node_modules/vscode-proxy-agent/out/index.js:159:16)
	at /home/german/.vscode-server/bin/83bd43bc519d15e50c4272c6cf5c1479df196a4d/node_modules/vscode-proxy-agent/out/index.js:107:13
	at /home/german/.vscode-server/bin/83bd43bc519d15e50c4272c6cf5c1479df196a4d/node_modules/vscode-proxy-agent/out/index.js:335:13
	at processTicksAndRejections (internal/process/task_queues.js:93:5) 
[2021-09-17 16:06:55.814] [exthost] [info] exiting with code 0
