3
-4
-2
0
-134
-9
8
-12
1
12
71
-1
-12
0
56
-1
-8
-34
-20
-13
617
-57
9
42
3
4
-13
-100
9
-63
19
6
7
-32
738
14832
47
-22
16
-18
631
-42
26
-1
-8
-133
31
23
11
8
-5
-364
-192
54
9
6
-63408
48
8
-73
-786
2870
250822643
15706
948
-109943
14
42
135795
-14732407
7801
-13264
1776876762
7
9140876533260
-5580330
817704
6677993533634
-3878837
5647380111982
19811629798
307615908564724
-136997918430
-7
-385164547547146
-24181593
-13
-611267131251757
-1591870815229424236501035344018406656
718491025926477259779
2967650781666098
23244864534755573799787067118360627371361430571513
5546916047067845161747832653098241
-107
-388632362312037442420195430247445972
8187188365878081179289831960646761025515584957790
4698520077682843644081625989636082067071585632
-20141942167813089511276259082650870
-787237035349359277414007555991468550553527197195
115853546793816252342425816615197888539691975584937012645186737535710857803962
